{"C:\\Users\\Nicola\\Desktop\\Code\\snkrhub\\backend\\inventory-microservice\\src\\clients\\postgres.ts": {"path":"C:\\Users\\Nicola\\Desktop\\Code\\snkrhub\\backend\\inventory-microservice\\src\\clients\\postgres.ts","statementMap":{"0":{"start":{"line":3,"column":22},"end":{"line":3,"column":42}},"1":{"start":{"line":10,"column":4},"end":{"line":10,"column":24}},"2":{"start":{"line":13,"column":20},"end":{"line":13,"column":174}},"3":{"start":{"line":14,"column":11},"end":{"line":14,"column":57}},"4":{"start":{"line":16,"column":0},"end":{"line":16,"column":20}}},"fnMap":{},"branchMap":{"0":{"loc":{"start":{"line":13,"column":20},"end":{"line":13,"column":174}},"type":"cond-expr","locations":[{"start":{"line":13,"column":40},"end":{"line":13,"column":147}},{"start":{"line":13,"column":150},"end":{"line":13,"column":174}}]}},"s":{"0":1,"1":1,"2":1,"3":1,"4":1},"f":{},"b":{"0":[0,1]}}
,"C:\\Users\\Nicola\\Desktop\\Code\\snkrhub\\backend\\inventory-microservice\\src\\config\\index.ts": {"path":"C:\\Users\\Nicola\\Desktop\\Code\\snkrhub\\backend\\inventory-microservice\\src\\config\\index.ts","statementMap":{"0":{"start":{"line":1,"column":0},"end":{"line":9,"column":2}}},"fnMap":{},"branchMap":{"0":{"loc":{"start":{"line":2,"column":15},"end":{"line":2,"column":52}},"type":"binary-expr","locations":[{"start":{"line":2,"column":15},"end":{"line":2,"column":38}},{"start":{"line":2,"column":42},"end":{"line":2,"column":52}}]},"1":{"loc":{"start":{"line":3,"column":17},"end":{"line":3,"column":50}},"type":"binary-expr","locations":[{"start":{"line":3,"column":17},"end":{"line":3,"column":42}},{"start":{"line":3,"column":46},"end":{"line":3,"column":50}}]}},"s":{"0":1},"f":{},"b":{"0":[1,1],"1":[1,1]}}
,"C:\\Users\\Nicola\\Desktop\\Code\\snkrhub\\backend\\inventory-microservice\\src\\models\\InventoryModel.ts": {"path":"C:\\Users\\Nicola\\Desktop\\Code\\snkrhub\\backend\\inventory-microservice\\src\\models\\InventoryModel.ts","statementMap":{"0":{"start":{"line":1,"column":11},"end":{"line":1,"column":41}},"1":{"start":{"line":2,"column":22},"end":{"line":2,"column":42}},"2":{"start":{"line":4,"column":18},"end":{"line":57,"column":null}},"3":{"start":{"line":60,"column":0},"end":{"line":60,"column":27}}},"fnMap":{},"branchMap":{},"s":{"0":1,"1":1,"2":1,"3":1},"f":{},"b":{}}
,"C:\\Users\\Nicola\\Desktop\\Code\\snkrhub\\backend\\inventory-microservice\\src\\schema\\resolvers.ts": {"path":"C:\\Users\\Nicola\\Desktop\\Code\\snkrhub\\backend\\inventory-microservice\\src\\schema\\resolvers.ts","statementMap":{"0":{"start":{"line":4,"column":18},"end":{"line":4,"column":53}},"1":{"start":{"line":13,"column":18},"end":{"line":52,"column":2}},"2":{"start":{"line":19,"column":8},"end":{"line":32,"column":null}},"3":{"start":{"line":21,"column":34},"end":{"line":29,"column":8}},"4":{"start":{"line":31,"column":6},"end":{"line":31,"column":null}},"5":{"start":{"line":39,"column":8},"end":{"line":43,"column":null}},"6":{"start":{"line":41,"column":31},"end":{"line":41,"column":68}},"7":{"start":{"line":42,"column":6},"end":{"line":42,"column":null}},"8":{"start":{"line":54,"column":0},"end":{"line":54,"column":null}}},"fnMap":{"0":{"name":"(anonymous_7)","decl":{"start":{"line":15,"column":29},"end":{"line":15,"column":null}},"loc":{"start":{"line":19,"column":8},"end":{"line":32,"column":null}}},"1":{"name":"(anonymous_8)","decl":{"start":{"line":19,"column":8},"end":{"line":19,"column":null}},"loc":{"start":{"line":19,"column":8},"end":{"line":32,"column":5}}},"2":{"name":"(anonymous_9)","decl":{"start":{"line":35,"column":22},"end":{"line":35,"column":null}},"loc":{"start":{"line":39,"column":8},"end":{"line":43,"column":null}}},"3":{"name":"(anonymous_10)","decl":{"start":{"line":39,"column":8},"end":{"line":39,"column":null}},"loc":{"start":{"line":39,"column":8},"end":{"line":43,"column":5}}}},"branchMap":{},"s":{"0":1,"1":1,"2":1,"3":1,"4":1,"5":1,"6":1,"7":1,"8":1},"f":{"0":1,"1":1,"2":1,"3":1},"b":{}}
,"C:\\Users\\Nicola\\Desktop\\Code\\snkrhub\\backend\\inventory-microservice\\src\\schema\\typeDefs.ts": {"path":"C:\\Users\\Nicola\\Desktop\\Code\\snkrhub\\backend\\inventory-microservice\\src\\schema\\typeDefs.ts","statementMap":{"0":{"start":{"line":3,"column":16},"end":{"line":3,"column":48}},"1":{"start":{"line":5,"column":17},"end":{"line":52,"column":2}},"2":{"start":{"line":54,"column":0},"end":{"line":54,"column":null}}},"fnMap":{},"branchMap":{},"s":{"0":1,"1":1,"2":1},"f":{},"b":{}}
}
