TN:
SF:src\clients\postgres.ts
FNF:0
FNH:0
DA:3,1
DA:10,1
DA:14,1
DA:17,1
DA:18,1
DA:20,0
DA:23,1
LF:7
LH:6
BRDA:14,0,0,0
BRDA:14,0,1,1
BRDA:17,1,0,1
BRDA:17,1,1,0
BRF:4
BRH:2
end_of_record
TN:
SF:src\config\index.ts
FNF:0
FNH:0
DA:1,1
LF:1
LH:1
BRDA:2,0,0,1
BRDA:2,0,1,1
BRDA:3,1,0,1
BRDA:3,1,1,1
BRF:4
BRH:4
end_of_record
TN:
SF:src\models\InventoryModel.ts
FNF:0
FNH:0
DA:1,1
DA:2,1
DA:4,1
DA:60,1
LF:4
LH:4
BRF:0
BRH:0
end_of_record
TN:
SF:src\schema\resolvers.ts
FN:11,(anonymous_7)
FN:17,(anonymous_8)
FN:17,(anonymous_9)
FNF:3
FNH:0
FNDA:0,(anonymous_7)
FNDA:0,(anonymous_8)
FNDA:0,(anonymous_9)
DA:4,1
DA:9,1
DA:12,0
DA:17,0
DA:19,0
DA:20,0
DA:32,1
LF:7
LH:3
BRF:0
BRH:0
end_of_record
TN:
SF:src\schema\typeDefs.ts
FNF:0
FNH:0
DA:3,1
DA:5,1
DA:44,1
LF:3
LH:3
BRF:0
BRH:0
end_of_record
