TN:
SF:src\clients\postgres.ts
FNF:0
FNH:0
DA:3,1
DA:10,1
DA:13,1
DA:14,1
DA:16,1
LF:5
LH:5
BRDA:13,0,0,0
BRDA:13,0,1,1
BRF:2
BRH:1
end_of_record
TN:
SF:src\config\index.ts
FNF:0
FNH:0
DA:1,1
LF:1
LH:1
BRDA:2,0,0,1
BRDA:2,0,1,1
BRDA:3,1,0,1
BRDA:3,1,1,1
BRF:4
BRH:4
end_of_record
TN:
SF:src\models\InventoryModel.ts
FNF:0
FNH:0
DA:1,1
DA:2,1
DA:4,1
DA:60,1
LF:4
LH:4
BRF:0
BRH:0
end_of_record
TN:
SF:src\schema\resolvers.ts
FN:15,(anonymous_7)
FN:19,(anonymous_8)
FN:35,(anonymous_9)
FN:39,(anonymous_10)
FNF:4
FNH:4
FNDA:1,(anonymous_7)
FNDA:1,(anonymous_8)
FNDA:1,(anonymous_9)
FNDA:1,(anonymous_10)
DA:4,1
DA:13,1
DA:19,1
DA:21,1
DA:31,1
DA:39,1
DA:41,1
DA:42,1
DA:54,1
LF:9
LH:9
BRF:0
BRH:0
end_of_record
TN:
SF:src\schema\typeDefs.ts
FNF:0
FNH:0
DA:3,1
DA:5,1
DA:54,1
LF:3
LH:3
BRF:0
BRH:0
end_of_record
